-------------------------------------------------------------------------------
Test set: sudoku.AppTest
-------------------------------------------------------------------------------
Tests run: 4, Failures: 1, Errors: 0, Skipped: 0, Time elapsed: 0.268 s <<< FAILURE! - in sudoku.AppTest
skaiciuIrasymas(sudoku.AppTest)  Time elapsed: 0.027 s  <<< FAILURE!
org.junit.ComparisonFailure: 8 kvadratas neatitinka   expected:<00050[3]070> but was:<00050[0]070>
	at sudoku.AppTest.skaiciuIrasymas(AppTest.java:66)

