<?xml version="1.0" encoding="UTF-8"?>
<testsuite xmlns:xsi="http://www.w3.org/2001/XMLSchema-instance" xsi:noNamespaceSchemaLocation="https://maven.apache.org/surefire/maven-surefire-plugin/xsd/surefire-test-report.xsd" name="sudoku.AppTest" time="0.268" tests="4" errors="0" skipped="0" failures="1">
  <properties>
[...]
</properties>
  <testcase name="shouldAnswerWithTrue" classname="sudoku.AppTest" time="0.003"/>
  <testcase name="skaiciuIrasymas" classname="sudoku.AppTest" time="0.027">
    <failure message="8 kvadratas neatitinka   expected:&lt;00050[3]070&gt; but was:&lt;00050[0]070&gt;" type="org.junit.ComparisonFailure"><![CDATA[org.junit.ComparisonFailure: 8 kvadratas neatitinka   expected:<00050[3]070> but was:<00050[0]070>
	at sudoku.AppTest.skaiciuIrasymas(AppTest.java:66)
]]></failure>
  </testcase>
  <testcase name="tikrinameIspakavima" classname="sudoku.AppTest" time="0.008"/>
  <testcase name="kvadratoNrTikrinimas" classname="sudoku.AppTest" time="0.121"/>
</testsuite>